Build started 5/4/2016 3:10:48 PM.
     1>Project "C:\Users\zaghlollight\documents\visual studio 2010\Projects\huffman_code\huffman_code\huffman_code.vcxproj" on node 2 (build target(s)).
     1>InitializeBuildStatus:
         Creating "Debug\huffman_code.unsuccessfulbuild" because "AlwaysCreate" was specified.
       ClCompile:
         C:\Program Files (x86)\Microsoft Visual Studio 10.0\VC\bin\CL.exe /c /ZI /nologo /W3 /WX- /Od /Oy- /D WIN32 /D _DEBUG /D _CONSOLE /D _UNICODE /D UNICODE /Gm /EHsc /RTC1 /MDd /GS /fp:precise /Zc:wchar_t /Zc:forScope /Fo"Debug\\" /Fd"Debug\vc100.pdb" /Gd /TP /analyze- /errorReport:prompt hfmannCode.cpp
         hfmannCode.cpp
     1>c:\users\zaghlollight\documents\visual studio 2010\projects\huffman_code\huffman_code\hfmanncode.cpp(122): warning C4018: '<' : signed/unsigned mismatch
     1>c:\users\zaghlollight\documents\visual studio 2010\projects\huffman_code\huffman_code\hfmanncode.cpp(144): warning C4018: '<' : signed/unsigned mismatch
     1>c:\users\zaghlollight\documents\visual studio 2010\projects\huffman_code\huffman_code\hfmanncode.cpp(146): warning C4258: 'n' : definition from the for loop is ignored; the definition from the enclosing scope is used
                 c:\users\zaghlollight\documents\visual studio 2010\projects\huffman_code\huffman_code\hfmanncode.cpp(119) : definition of 'n' ignored
                 c:\users\zaghlollight\documents\visual studio 2010\projects\huffman_code\huffman_code\hfmanncode.cpp(52) : definition of 'n' used
     1>c:\users\zaghlollight\documents\visual studio 2010\projects\huffman_code\huffman_code\hfmanncode.cpp(146): warning C4018: '<' : signed/unsigned mismatch
     1>c:\users\zaghlollight\documents\visual studio 2010\projects\huffman_code\huffman_code\hfmanncode.cpp(149): warning C4258: 'n' : definition from the for loop is ignored; the definition from the enclosing scope is used
                 c:\users\zaghlollight\documents\visual studio 2010\projects\huffman_code\huffman_code\hfmanncode.cpp(119) : definition of 'n' ignored
                 c:\users\zaghlollight\documents\visual studio 2010\projects\huffman_code\huffman_code\hfmanncode.cpp(52) : definition of 'n' used
     1>c:\users\zaghlollight\documents\visual studio 2010\projects\huffman_code\huffman_code\hfmanncode.cpp(151): warning C4258: 'n' : definition from the for loop is ignored; the definition from the enclosing scope is used
                 c:\users\zaghlollight\documents\visual studio 2010\projects\huffman_code\huffman_code\hfmanncode.cpp(119) : definition of 'n' ignored
                 c:\users\zaghlollight\documents\visual studio 2010\projects\huffman_code\huffman_code\hfmanncode.cpp(52) : definition of 'n' used
     1>c:\users\zaghlollight\documents\visual studio 2010\projects\huffman_code\huffman_code\hfmanncode.cpp(152): warning C4258: 'n' : definition from the for loop is ignored; the definition from the enclosing scope is used
                 c:\users\zaghlollight\documents\visual studio 2010\projects\huffman_code\huffman_code\hfmanncode.cpp(119) : definition of 'n' ignored
                 c:\users\zaghlollight\documents\visual studio 2010\projects\huffman_code\huffman_code\hfmanncode.cpp(52) : definition of 'n' used
     1>c:\users\zaghlollight\documents\visual studio 2010\projects\huffman_code\huffman_code\minpriorityqueue.cpp(53): warning C4700: uninitialized local variable 't' used
       ManifestResourceCompile:
         All outputs are up-to-date.
       Link:
         C:\Program Files (x86)\Microsoft Visual Studio 10.0\VC\bin\link.exe /ERRORREPORT:PROMPT /OUT:"C:\Users\zaghlollight\documents\visual studio 2010\Projects\huffman_code\Debug\huffman_code.exe" /INCREMENTAL /NOLOGO kernel32.lib user32.lib gdi32.lib winspool.lib comdlg32.lib advapi32.lib shell32.lib ole32.lib oleaut32.lib uuid.lib odbc32.lib odbccp32.lib /MANIFEST /ManifestFile:"Debug\huffman_code.exe.intermediate.manifest" /MANIFESTUAC:"level='asInvoker' uiAccess='false'" /DEBUG /PDB:"C:\Users\zaghlollight\documents\visual studio 2010\Projects\huffman_code\Debug\huffman_code.pdb" /SUBSYSTEM:CONSOLE /TLBID:1 /DYNAMICBASE /NXCOMPAT /IMPLIB:"C:\Users\zaghlollight\documents\visual studio 2010\Projects\huffman_code\Debug\huffman_code.lib" /MACHINE:X86 Debug\huffman_code.exe.embed.manifest.res
         Debug\hfmannCode.obj
       Manifest:
         C:\Program Files (x86)\Microsoft SDKs\Windows\v7.0A\bin\mt.exe /nologo /verbose /out:"Debug\huffman_code.exe.embed.manifest" /manifest Debug\huffman_code.exe.intermediate.manifest
         All outputs are up-to-date.
       LinkEmbedManifest:
         All outputs are up-to-date.
         huffman_code.vcxproj -> C:\Users\zaghlollight\documents\visual studio 2010\Projects\huffman_code\Debug\huffman_code.exe
       FinalizeBuildStatus:
         Deleting file "Debug\huffman_code.unsuccessfulbuild".
         Touching "Debug\huffman_code.lastbuildstate".
     1>Done Building Project "C:\Users\zaghlollight\documents\visual studio 2010\Projects\huffman_code\huffman_code\huffman_code.vcxproj" (build target(s)).

Build succeeded.

Time Elapsed 00:00:01.23
